launch_sim
Command: launch_simulation 
INFO: [Vivado 12-25911] Executing simulation for 'XSim' simulator
INFO: [Project 1-5737] Running on host dhruv-Dell-G15-5530 (64) - Ubuntu 26.04 LTS
INFO: [Vivado 12-28535] Process started - Sat Jun  6 14:38:23 2026

INFO: [Vivado 12-12493] Simulation top is 'tb_datapath'
INFO: [Vivado 12-5682] Launching behavioral simulation in '/home/dhruv/AES-VHDL/AES-VHDL.sim/sim_1/behav/xsim'
INFO: [SIM-utils-51] Simulation object is 'sim_1'
INFO: [SIM-utils-72] Using boost library from '/home/dhruv/2025.2.1/tps/boost_1_72_0'
INFO: [SIM-utils-54] Inspecting design source files for 'tb_datapath' in fileset 'sim_1'...
INFO: [USF-XSim-97] Finding global include files...
INFO: [USF-XSim-100] Fetching design files from 'sources_1'...(this may take a while)...
INFO: [USF-XSim-101] Fetching design files from 'sim_1'...
INFO: [USF-XSim-2] XSim::Compile design
INFO: [USF-XSim-61] Executing 'COMPILE and ANALYZE' step in '/home/dhruv/AES-VHDL/AES-VHDL.sim/sim_1/behav/xsim'
xvhdl --incr --relax -prj tb_datapath_vhdl.prj
INFO: [VRFC 10-163] Analyzing VHDL file "/home/dhruv/Desktop/AES-VHDL-main/AES-VHDL/AES_encoder/rtl/datapath.vhd" into library xil_defaultlib
INFO: [VRFC 10-3107] analyzing entity 'datapath'
INFO: [VRFC 10-163] Analyzing VHDL file "/home/dhruv/Desktop/AES-VHDL-main/AES-VHDL/AES_encoder/tb/tb_device.vhd" into library xil_defaultlib
INFO: [VRFC 10-3107] analyzing entity 'tb_device'
INFO: [VRFC 10-163] Analyzing VHDL file "/home/dhruv/Desktop/AES-VHDL-main/AES-VHDL/AES_encoder/tb/tb_datapath.vhd" into library xil_defaultlib
INFO: [VRFC 10-3107] analyzing entity 'tb_datapath'
Waiting for jobs to finish...
No pending jobs, compilation finished.
INFO: [USF-XSim-69] 'compile' step finished in '1' seconds
INFO: [USF-XSim-3] XSim::Elaborate design
INFO: [USF-XSim-61] Executing 'ELABORATE' step in '/home/dhruv/AES-VHDL/AES-VHDL.sim/sim_1/behav/xsim'
xelab --incr --debug typical --relax --mt 8 -L xil_defaultlib -L secureip --snapshot tb_datapath_behav xil_defaultlib.tb_datapath -log elaborate.log
Vivado Simulator v2025.2.1
Copyright 1986-2022 Xilinx, Inc. All Rights Reserved.
Copyright 2022-2025 Advanced Micro Devices, Inc. All Rights Reserved.
Running: /home/dhruv/2025.2.1/Vivado/bin/unwrapped/lnx64.o/xelab --incr --debug typical --relax --mt 8 -L xil_defaultlib -L secureip --snapshot tb_datapath_behav xil_defaultlib.tb_datapath -log elaborate.log 
Using 8 slave threads.
WARNING: [XSIM 43-3431] One or more environment variables have been detected which affect the operation of the C compiler. These are typically not set in standard installations and are not tested by AMD, however they may be appropriate for your system, so the flow will attempt to continue.  If errors occur, try running xelab with the "-mt off -v 1" switches to see more information from the C compiler. The following environment variables have been detected:
    LIBRARY_PATH
Starting static elaboration
Completed static elaboration
Starting simulation data flow analysis
Completed simulation data flow analysis
Time Resolution for simulation is 1ps
Compiling package std.standard
Compiling package std.textio
Compiling package ieee.std_logic_1164
Compiling package ieee.numeric_std
Compiling architecture behavioral of entity xil_defaultlib.mix_columns [mix_columns_default]
Compiling architecture behavioral of entity xil_defaultlib.Sbox [sbox_default]
Compiling architecture behavioral of entity xil_defaultlib.sub_bytes [sub_bytes_default]
Compiling architecture behavioral of entity xil_defaultlib.shift_rows [shift_rows_default]
Compiling architecture behavioral of entity xil_defaultlib.add_rndkey [add_rndkey_default]
Compiling architecture behavioral of entity xil_defaultlib.datapath [datapath_default]
Compiling architecture testbench of entity xil_defaultlib.tb_datapath
Built simulation snapshot tb_datapath_behav
INFO: [USF-XSim-69] 'elaborate' step finished in '1' seconds
INFO: [USF-XSim-4] XSim::Simulate design
INFO: [USF-XSim-61] Executing 'SIMULATE' step in '/home/dhruv/AES-VHDL/AES-VHDL.sim/sim_1/behav/xsim'
INFO: [USF-XSim-98] *** Running xsim
   with args "tb_datapath_behav -key {Behavioral:sim_1:Functional:tb_datapath} -tclbatch {tb_datapath.tcl} -log {simulate.log}"
INFO: [USF-XSim-8] Loading simulator feature
Time resolution is 1 ps
source tb_datapath.tcl
Note: === Testing Datapath ===
Time: 0 ps  Iteration: 0  Process: /tb_datapath/test_process  File: /home/dhruv/Desktop/AES-VHDL-main/AES-VHDL/AES_encoder/tb/tb_datapath.vhd
Note: TEST 1: Reset initialization
Time: 0 ps  Iteration: 0  Process: /tb_datapath/test_process  File: /home/dhruv/Desktop/AES-VHDL-main/AES-VHDL/AES_encoder/tb/tb_datapath.vhd
Note: TEST 2: Init phase - Load plaintext XOR key
Time: 20 ns  Iteration: 0  Process: /tb_datapath/test_process  File: /home/dhruv/Desktop/AES-VHDL-main/AES-VHDL/AES_encoder/tb/tb_datapath.vhd
Note: TEST 2 PASS: State initialized correctly
Time: 40 ns  Iteration: 0  Process: /tb_datapath/test_process  File: /home/dhruv/Desktop/AES-VHDL-main/AES-VHDL/AES_encoder/tb/tb_datapath.vhd
Note: TEST 3: State register enable
Time: 40 ns  Iteration: 0  Process: /tb_datapath/test_process  File: /home/dhruv/Desktop/AES-VHDL-main/AES-VHDL/AES_encoder/tb/tb_datapath.vhd
Note: TEST 4: State register disabled (no change)
Time: 60 ns  Iteration: 0  Process: /tb_datapath/test_process  File: /home/dhruv/Desktop/AES-VHDL-main/AES-VHDL/AES_encoder/tb/tb_datapath.vhd
Note: TEST 5: Key register update
Time: 80 ns  Iteration: 0  Process: /tb_datapath/test_process  File: /home/dhruv/Desktop/AES-VHDL-main/AES-VHDL/AES_encoder/tb/tb_datapath.vhd
Note: TEST 5 PASS: Key loaded
Time: 120 ns  Iteration: 0  Process: /tb_datapath/test_process  File: /home/dhruv/Desktop/AES-VHDL-main/AES-VHDL/AES_encoder/tb/tb_datapath.vhd
Note: TEST 6: All zeros through pipeline
Time: 120 ns  Iteration: 0  Process: /tb_datapath/test_process  File: /home/dhruv/Desktop/AES-VHDL-main/AES-VHDL/AES_encoder/tb/tb_datapath.vhd
Note: TEST 7: Final round signal
Time: 150 ns  Iteration: 0  Process: /tb_datapath/test_process  File: /home/dhruv/Desktop/AES-VHDL-main/AES-VHDL/AES_encoder/tb/tb_datapath.vhd
Note: TEST 8: Multiple cycles with data flow
Time: 190 ns  Iteration: 0  Process: /tb_datapath/test_process  File: /home/dhruv/Desktop/AES-VHDL-main/AES-VHDL/AES_encoder/tb/tb_datapath.vhd
Note: Datapath Tests Complete: 8/8 passed
Time: 310 ns  Iteration: 0  Process: /tb_datapath/test_process  File: /home/dhruv/Desktop/AES-VHDL-main/AES-VHDL/AES_encoder/tb/tb_datapath.vhd
INFO: [USF-XSim-96] XSim completed. Design snapshot 'tb_datapath_behav' loaded.
INFO: [USF-XSim-97] XSim simulation ran for 1000ns